#
# There is insufficient memory for the Java Runtime Environment to continue.
# Native memory allocation (malloc) failed to allocate 368656 bytes for Chunk::new
# Possible reasons:
#   The system is out of physical RAM or swap space
#   The process is running with CompressedOops enabled, and the Java Heap may be blocking the growth of the native heap
# Possible solutions:
#   Reduce memory load on the system
#   Increase physical memory or swap space
#   Check if swap backing store is full
#   Decrease Java heap size (-Xmx/-Xms)
#   Decrease number of Java threads
#   Decrease Java thread stack sizes (-Xss)
#   Set larger code cache with -XX:ReservedCodeCacheSize=
#   JVM is running with Unscaled Compressed Oops mode in which the Java heap is
#     placed in the first 4GB address space. The Java Heap base address is the
#     maximum limit for the native heap growth. Please use -XX:HeapBaseMinAddress
#     to set the Java Heap base and to place the Java Heap above 4GB virtual address.
# This output file may be truncated or incomplete.
#
#  Out of Memory Error (t:/workspace/open/src/hotspot/share/memory/arena.cpp:196), pid=65772, tid=65040
#
# JRE version:  (13.0.2+8) (build )
# Java VM: Java HotSpot(TM) 64-Bit Server VM (13.0.2+8, mixed mode, tiered, compressed oops, g1 gc, windows-amd64)
# No core dump will be written. Minidumps are not enabled by default on client versions of Windows
#

---------------  S U M M A R Y ------------

Command Line: -Dcom.sun.management.jmxremote -Dcom.sun.management.jmxremote.port=50206 -Dcom.sun.management.jmxremote.authenticate=false -Dcom.sun.management.jmxremote.ssl=false -Djava.rmi.server.hostname=localhost -Dspring.jmx.enabled=true -Dspring.application.admin.enabled=true -Xverify:none -XX:TieredStopAtLevel=1 -Dspring.boot.project.name=EncurtadorUrl -Dfile.encoding=UTF-8 com.igorllampa.desafio.EncurtadorUrlApplication --spring.output.ansi.enabled=always

Host: Intel(R) Core(TM) i5 CPU       M 480  @ 2.67GHz, 4 cores, 3G,  Windows 10 , 64 bit Build 19041 (10.0.19041.292)
Time: Sat Sep 26 21:59:41 2020 Hora oficial do Brasil elapsed time: 0 seconds (0d 0h 0m 0s)

---------------  T H R E A D  ---------------

Current thread (0x000001e236537800):  JavaThread "Unknown thread" [_thread_in_vm, id=65040, stack(0x0000001531100000,0x0000001531200000)]

Stack: [0x0000001531100000,0x0000001531200000]
Native frames: (J=compiled Java code, j=interpreted, Vv=VM code, C=native code)
V  [jvm.dll+0x624f9a]
V  [jvm.dll+0x770cfa]
V  [jvm.dll+0x7724af]
V  [jvm.dll+0x772ab3]
V  [jvm.dll+0x24bf08]
V  [jvm.dll+0xc1e47]
V  [jvm.dll+0xc1b73]
V  [jvm.dll+0x6f1608]
V  [jvm.dll+0x74deef]
V  [jvm.dll+0x361989]
V  [jvm.dll+0x730e65]
V  [jvm.dll+0x3cc53f]
V  [jvm.dll+0x3ce861]
C  [jli.dll+0x51ff]
C  [ucrtbase.dll+0x214c2]
C  [KERNEL32.DLL+0x16fd4]
C  [ntdll.dll+0x4cec1]


---------------  P R O C E S S  ---------------

Threads class SMR info:
_java_thread_list=0x00007ffc8084ccb8, length=0, elements={
}

Java Threads: ( => current thread )

Other Threads:
  0x000001e23656b800 GCTaskThread "GC Thread#0" [stack: 0x0000001531200000,0x0000001531300000] [id=67760]
  0x000001e236575000 ConcurrentGCThread "G1 Main Marker" [stack: 0x0000001531300000,0x0000001531400000] [id=61376]
  0x000001e236576800 ConcurrentGCThread "G1 Conc#0" [stack: 0x0000001531400000,0x0000001531500000] [id=65884]
  0x000001e2365c9000 ConcurrentGCThread "G1 Refine#0" [stack: 0x0000001531500000,0x0000001531600000] [id=67936]
  0x000001e2365cb000 ConcurrentGCThread "G1 Young RemSet Sampling" [stack: 0x0000001531600000,0x0000001531700000] [id=61840]

=>0x000001e236537800 (exited) JavaThread "Unknown thread" [_thread_in_vm, id=65040, stack(0x0000001531100000,0x0000001531200000)]

Threads with active compile tasks:

VM state:not at safepoint (not fully initialized)

VM Mutex/Monitor currently owned by a thread: None

Heap address: 0x00000000c5200000, size: 942 MB, Compressed Oops mode: 32-bit
Narrow klass base: 0x0000000000000000, Narrow klass shift: 3
Compressed class space size: 1073741824 Address: 0x0000000100000000

GC Heap History (0 events):
No events

Deoptimization events (0 events):
No events

Classes unloaded (0 events):
No events

Classes redefined (0 events):
No events

Internal exceptions (0 events):
No events

Events (8 events):
Event: 0.079 Loaded shared library C:\Program Files\Java\jdk-13.0.2\bin\zip.dll
Event: 0.082 Loaded shared library C:\Program Files\Java\jdk-13.0.2\bin\jimage.dll
Event: 0.090 Loading shared library C:\Program Files\Java\jdk-13.0.2\lib\libjava.base-coop.dll failed, error code 126
Event: 0.090 Loading shared library C:\Program Files\Java\jdk-13.0.2\lib\libjava.logging-coop.dll failed, error code 126
Event: 0.091 Loading shared library C:\Program Files\Java\jdk-13.0.2\lib\libjdk.compiler-coop.dll failed, error code 126
Event: 0.091 Loading shared library C:\Program Files\Java\jdk-13.0.2\lib\libjdk.scripting.nashorn-coop.dll failed, error code 126
Event: 0.091 Loading shared library C:\Program Files\Java\jdk-13.0.2\lib\libjdk.internal.vm.ci-coop.dll failed, error code 126
Event: 0.091 Loading shared library C:\Program Files\Java\jdk-13.0.2\lib\libjdk.internal.vm.compiler-coop.dll failed, error code 126


Dynamic libraries:
0x00007ff6c7750000 - 0x00007ff6c775f000 	C:\Program Files\Java\jdk-13.0.2\bin\javaw.exe
0x00007ffcb1530000 - 0x00007ffcb1725000 	C:\WINDOWS\SYSTEM32\ntdll.dll
0x00007ffcb0ce0000 - 0x00007ffcb0d9d000 	C:\WINDOWS\System32\KERNEL32.DLL
0x00007ffcaecc0000 - 0x00007ffcaef87000 	C:\WINDOWS\System32\KERNELBASE.dll
0x00007ffcaf1b0000 - 0x00007ffcaf2b0000 	C:\WINDOWS\System32\ucrtbase.dll
0x00007ffcaa610000 - 0x00007ffcaa625000 	C:\Program Files\Java\jdk-13.0.2\bin\VCRUNTIME140.dll
0x00007ffcaa5f0000 - 0x00007ffcaa608000 	C:\Program Files\Java\jdk-13.0.2\bin\jli.dll
0x00007ffcaf890000 - 0x00007ffcaf93a000 	C:\WINDOWS\System32\ADVAPI32.dll
0x00007ffcaf940000 - 0x00007ffcaf9de000 	C:\WINDOWS\System32\msvcrt.dll
0x00007ffcafbb0000 - 0x00007ffcafc4b000 	C:\WINDOWS\System32\sechost.dll
0x00007ffcafdb0000 - 0x00007ffcafed4000 	C:\WINDOWS\System32\RPCRT4.dll
0x00007ffcb0ae0000 - 0x00007ffcb0c80000 	C:\WINDOWS\System32\USER32.dll
0x00007ffcaf180000 - 0x00007ffcaf1a2000 	C:\WINDOWS\System32\win32u.dll
0x00007ffcafd80000 - 0x00007ffcafdaa000 	C:\WINDOWS\System32\GDI32.dll
0x00007ffcaf3e0000 - 0x00007ffcaf4e9000 	C:\WINDOWS\System32\gdi32full.dll
0x00007ffcaf4f0000 - 0x00007ffcaf58d000 	C:\WINDOWS\System32\msvcp_win.dll
0x00007ffc9a030000 - 0x00007ffc9a2cb000 	C:\WINDOWS\WinSxS\amd64_microsoft.windows.common-controls_6595b64144ccf1df_6.0.19041.488_none_ca04af081b815d21\COMCTL32.dll
0x00007ffca0160000 - 0x00007ffca016a000 	C:\WINDOWS\SYSTEM32\VERSION.dll
0x00007ffcafc70000 - 0x00007ffcafca0000 	C:\WINDOWS\System32\IMM32.DLL
0x00007ffc911f0000 - 0x00007ffc9128b000 	C:\Program Files\Java\jdk-13.0.2\bin\msvcp140.dll
0x00007ffc7fd90000 - 0x00007ffc808ed000 	C:\Program Files\Java\jdk-13.0.2\bin\server\jvm.dll
0x00007ffcaf740000 - 0x00007ffcaf748000 	C:\WINDOWS\System32\PSAPI.DLL
0x00007ffc9a000000 - 0x00007ffc9a027000 	C:\WINDOWS\SYSTEM32\WINMM.dll
0x00007ffcaad50000 - 0x00007ffcaad59000 	C:\WINDOWS\SYSTEM32\WSOCK32.dll
0x00007ffcb0e00000 - 0x00007ffcb0e6b000 	C:\WINDOWS\System32\WS2_32.dll
0x00007ffcacbd0000 - 0x00007ffcacbe3000 	C:\WINDOWS\SYSTEM32\kernel.appcore.dll
0x00007ffcaa7e0000 - 0x00007ffcaa7f0000 	C:\Program Files\Java\jdk-13.0.2\bin\verify.dll
0x00007ffc9f060000 - 0x00007ffc9f244000 	C:\WINDOWS\SYSTEM32\DBGHELP.DLL
0x00007ffc9edf0000 - 0x00007ffc9ee1c000 	C:\WINDOWS\SYSTEM32\dbgcore.DLL
0x00007ffcaf2b0000 - 0x00007ffcaf32f000 	C:\WINDOWS\System32\bcryptPrimitives.dll
0x00007ffca9c30000 - 0x00007ffca9c56000 	C:\Program Files\Java\jdk-13.0.2\bin\java.dll
0x00007ffcaa010000 - 0x00007ffcaa027000 	C:\Program Files\Java\jdk-13.0.2\bin\zip.dll
0x00007ffca9f40000 - 0x00007ffca9f4a000 	C:\Program Files\Java\jdk-13.0.2\bin\jimage.dll

dbghelp: loaded successfully - version: 4.0.5 - missing functions: none
symbol engine: initialized successfully - sym options: 0x614 - pdb path: .;C:\Program Files\Java\jdk-13.0.2\bin;C:\WINDOWS\SYSTEM32;C:\WINDOWS\WinSxS\amd64_microsoft.windows.common-controls_6595b64144ccf1df_6.0.19041.488_none_ca04af081b815d21;C:\Program Files\Java\jdk-13.0.2\bin\server

VM Arguments:
jvm_args: -Dcom.sun.management.jmxremote -Dcom.sun.management.jmxremote.port=50206 -Dcom.sun.management.jmxremote.authenticate=false -Dcom.sun.management.jmxremote.ssl=false -Djava.rmi.server.hostname=localhost -Dspring.jmx.enabled=true -Dspring.application.admin.enabled=true -Xverify:none -XX:TieredStopAtLevel=1 -Dspring.boot.project.name=EncurtadorUrl -Dfile.encoding=UTF-8 
java_command: com.igorllampa.desafio.EncurtadorUrlApplication --spring.output.ansi.enabled=always
java_class_path (initial): C:\D\Desenvolvimento\Curso-Spring\Algaworks\Curso RestSpring\DesafioEncurtadorUrl\EncurtadorUrl\target\classes;C:\Users\igorllampa\.m2\repository\org\springframework\boot\spring-boot-starter-data-jpa\2.3.4.RELEASE\spring-boot-starter-data-jpa-2.3.4.RELEASE.jar;C:\Users\igorllampa\.m2\repository\org\springframework\boot\spring-boot-starter-aop\2.3.4.RELEASE\spring-boot-starter-aop-2.3.4.RELEASE.jar;C:\Users\igorllampa\.m2\repository\org\springframework\spring-aop\5.2.9.RELEASE\spring-aop-5.2.9.RELEASE.jar;C:\Users\igorllampa\.m2\repository\org\aspectj\aspectjweaver\1.9.6\aspectjweaver-1.9.6.jar;C:\Users\igorllampa\.m2\repository\org\springframework\boot\spring-boot-starter-jdbc\2.3.4.RELEASE\spring-boot-starter-jdbc-2.3.4.RELEASE.jar;C:\Users\igorllampa\.m2\repository\com\zaxxer\HikariCP\3.4.5\HikariCP-3.4.5.jar;C:\Users\igorllampa\.m2\repository\org\springframework\spring-jdbc\5.2.9.RELEASE\spring-jdbc-5.2.9.RELEASE.jar;C:\Users\igorllampa\.m2\repository\jakarta\transaction\jakarta.transaction-api\1.3.3\jakarta.transaction-api-1.3.3.jar;C:\Users\igorllampa\.m2\repository\jakarta\persistence\jakarta.persistence-api\2.2.3\jakarta.persistence-api-2.2.3.jar;C:\Users\igorllampa\.m2\repository\org\hibernate\hibernate-core\5.4.21.Final\hibernate-core-5.4.21.Final.jar;C:\Users\igorllampa\.m2\repository\org\jboss\logging\jboss-logging\3.4.1.Final\jboss-logging-3.4.1.Final.jar;C:\Users\igorllampa\.m2\repository\org\javassist\javassist\3.24.0-GA\javassist-3.24.0-GA.jar;C:\Users\igorllampa\.m2\repository\net\bytebuddy\byte-buddy\1.10.14\byte-buddy-1.10.14.jar;C:\Users\igorllampa\.m2\repository\antlr\antlr\2.7.7\antlr-2.7.7.jar;C:\Users\igorllampa\.m2\repository\org\jboss\jandex\2.1.3.Final\jandex-2.1.3.Final.jar;C:\Users\igorllampa\.m2\repository\com\fasterxml\classmate\1.5.1\classmate-1.5.1.jar;C:\Users\igorllampa\.m2\repository\org\dom4j\dom4j\2.1.3\dom4j-2.1.3.jar;C:\Users\igorllampa\.m2\repository\org\hibernate\common\hibernate-commons-annotatio
Launcher Type: SUN_STANDARD

[Global flags]
     intx CICompilerCount                          = 3                                         {product} {ergonomic}
     uint ConcGCThreads                            = 1                                         {product} {ergonomic}
     uint G1ConcRefinementThreads                  = 4                                         {product} {ergonomic}
   size_t G1HeapRegionSize                         = 1048576                                   {product} {ergonomic}
    uintx GCDrainStackTargetSize                   = 64                                        {product} {ergonomic}
   size_t InitialHeapSize                          = 62914560                                  {product} {ergonomic}
     bool ManagementServer                         = true                                      {product} {command line}
   size_t MarkStackSize                            = 4194304                                   {product} {ergonomic}
   size_t MaxHeapSize                              = 987758592                                 {product} {ergonomic}
   size_t MaxNewSize                               = 592445440                                 {product} {ergonomic}
   size_t MinHeapDeltaBytes                        = 1048576                                   {product} {ergonomic}
   size_t MinHeapSize                              = 8388608                                   {product} {ergonomic}
    uintx NonNMethodCodeHeapSize                   = 6973028                                {pd product} {ergonomic}
    uintx NonProfiledCodeHeapSize                  = 244685212                              {pd product} {ergonomic}
    uintx ProfiledCodeHeapSize                     = 0                                      {pd product} {ergonomic}
    uintx ReservedCodeCacheSize                    = 251658240                              {pd product} {ergonomic}
     bool SegmentedCodeCache                       = true                                      {product} {ergonomic}
   size_t SoftMaxHeapSize                          = 987758592                              {manageable} {ergonomic}
     intx TieredStopAtLevel                        = 1                                         {product} {command line}
     bool UseCompressedClassPointers               = true                                 {lp64_product} {ergonomic}
     bool UseCompressedOops                        = true                                 {lp64_product} {ergonomic}
     bool UseG1GC                                  = true                                      {product} {ergonomic}
     bool UseLargePagesIndividualAllocation        = false                                  {pd product} {ergonomic}

Logging:
Log output configuration:
 #0: stdout all=warning uptime,level,tags
 #1: stderr all=off uptime,level,tags

Environment Variables:
JAVA_HOME=C:\Program Files\Java\jdk1.8.0_231
CLASSPATH=.;JAVA_PATH
PATH=C:/Program Files/Java/jre1.8.0_251/bin/server;C:/Program Files/Java/jre1.8.0_251/bin;C:/Program Files/Java/jre1.8.0_251/lib/amd64;C:\Program Files (x86)\Common Files\Oracle\Java\javapath;C:\Program Files (x86)\Embarcadero\Studio\17.0\bin;C:\Users\Public\Documents\Embarcadero\Studio\17.0\Bpl;C:\Program Files (x86)\Embarcadero\Studio\17.0\bin64;C:\Users\Public\Documents\Embarcadero\Studio\17.0\Bpl\Win64;C:\WINDOWS\system32;C:\WINDOWS;C:\WINDOWS\System32\Wbem;C:\WINDOWS\System32\WindowsPowerShell\v1.0\;C:\WINDOWS\System32\OpenSSH\;C:\Program Files\TortoiseSVN\bin;C:\Users\igorllampa\AppData\Local\Android\Sdk\tools;C:\Users\igorllampa\AppData\Local\Android\Sdk\platform-tools;C:\apache_ant\apache-ant-1.10.7\bin;C:\Program Files\Android\Android Studio\plugins\gradle\lib;C:\gradle\gradle-6.0.1-bin\gradle-6.0.1\bin;C:\Program Files\Git\cmd;C:\Program Files (x86)\MySQL\MySQL Server 6.0\bin;C:\Program Files\nodejs\;C:\Users\igorllampa\AppData\Local\Programs\Python\Python38-32\Scripts\;C:\Users\igorllampa\AppData\Local\Programs\Python\Python38-32\;C:\Users\igorllampa\AppData\Local\Microsoft\WindowsApps;C:\Users\igorllampa\AppData\Roaming\npm;C:\Users\igorllampa\AppData\Local\Android\Sdk\platform-tools;;C:\Users\igorllampa\AppData\Local\Programs\Microsoft VS Code\bin;C:\EclipseSpring\sts-4.7.0.RELEASE;
USERNAME=igorllampa
OS=Windows_NT
PROCESSOR_IDENTIFIER=Intel64 Family 6 Model 37 Stepping 5, GenuineIntel



---------------  S Y S T E M  ---------------

OS: Windows 10 , 64 bit Build 19041 (10.0.19041.292)

CPU:total 4 (initial active 4) (2 cores per cpu, 2 threads per core) family 6 model 37 stepping 5, cmov, cx8, fxsr, mmx, sse, sse2, sse3, ssse3, sse4.1, sse4.2, popcnt, ht, tsc, tscinvbit

Memory: 4k page, system-wide physical 3766M (168M free)
TotalPageFile size 15542M (AvailPageFile size 3M)
current process WorkingSet (physical memory assigned to process): 11M, peak: 11M
current process commit charge ("private bytes"): 112M, peak: 115M

vm_info: Java HotSpot(TM) 64-Bit Server VM (13.0.2+8) for windows-amd64 JRE (13.0.2+8), built on Dec 11 2019 09:20:33 by "mach5one" with unknown MS VC++:1916

END.
